{"/Users/davidpantsoulaya/yandex_react/stellar_burgers/src/services/burger-constructor/slice.ts": {"path":"/Users/davidpantsoulaya/yandex_react/stellar_burgers/src/services/burger-constructor/slice.ts","statementMap":{"0":{"start":{"line":11,"column":47},"end":{"line":15,"column":1}},"1":{"start":{"line":17,"column":38},"end":{"line":65,"column":2}},"2":{"start":{"line":21,"column":21},"end":{"line":21,"column":30}},"3":{"start":{"line":22,"column":26},"end":{"line":22,"column":40}},"4":{"start":{"line":23,"column":38},"end":{"line":23,"column":64}},"5":{"start":{"line":27,"column":3},"end":{"line":27,"column":30}},"6":{"start":{"line":31,"column":4},"end":{"line":33,"column":24}},"7":{"start":{"line":36,"column":4},"end":{"line":36,"column":62}},"8":{"start":{"line":40,"column":3},"end":{"line":42,"column":5}},"9":{"start":{"line":41,"column":11},"end":{"line":41,"column":40}},"10":{"start":{"line":44,"column":18},"end":{"line":44,"column":30}},"11":{"start":{"line":49,"column":34},"end":{"line":49,"column":48}},"12":{"start":{"line":50,"column":20},"end":{"line":50,"column":39}},"13":{"start":{"line":51,"column":3},"end":{"line":51,"column":65}},"14":{"start":{"line":52,"column":3},"end":{"line":52,"column":29}},"15":{"start":{"line":53,"column":3},"end":{"line":53,"column":42}},"16":{"start":{"line":59,"column":3},"end":{"line":59,"column":53}},"17":{"start":{"line":62,"column":3},"end":{"line":62,"column":37}},"18":{"start":{"line":75,"column":4},"end":{"line":75,"column":34}},"19":{"start":{"line":78,"column":1},"end":{"line":78,"column":33}}},"fnMap":{"0":{"name":"(anonymous_0)","decl":{"start":{"line":21,"column":10},"end":{"line":21,"column":11}},"loc":{"start":{"line":21,"column":21},"end":{"line":21,"column":30}},"line":21},"1":{"name":"(anonymous_1)","decl":{"start":{"line":22,"column":15},"end":{"line":22,"column":16}},"loc":{"start":{"line":22,"column":26},"end":{"line":22,"column":40}},"line":22},"2":{"name":"(anonymous_2)","decl":{"start":{"line":23,"column":27},"end":{"line":23,"column":28}},"loc":{"start":{"line":23,"column":38},"end":{"line":23,"column":64}},"line":23},"3":{"name":"(anonymous_3)","decl":{"start":{"line":26,"column":13},"end":{"line":26,"column":14}},"loc":{"start":{"line":26,"column":59},"end":{"line":28,"column":3}},"line":26},"4":{"name":"(anonymous_4)","decl":{"start":{"line":30,"column":12},"end":{"line":30,"column":13}},"loc":{"start":{"line":30,"column":69},"end":{"line":34,"column":4}},"line":30},"5":{"name":"(anonymous_5)","decl":{"start":{"line":35,"column":12},"end":{"line":35,"column":13}},"loc":{"start":{"line":35,"column":40},"end":{"line":37,"column":4}},"line":35},"6":{"name":"(anonymous_6)","decl":{"start":{"line":39,"column":17},"end":{"line":39,"column":18}},"loc":{"start":{"line":39,"column":59},"end":{"line":43,"column":3}},"line":39},"7":{"name":"(anonymous_7)","decl":{"start":{"line":41,"column":4},"end":{"line":41,"column":5}},"loc":{"start":{"line":41,"column":11},"end":{"line":41,"column":40}},"line":41},"8":{"name":"(anonymous_8)","decl":{"start":{"line":44,"column":12},"end":{"line":44,"column":13}},"loc":{"start":{"line":44,"column":18},"end":{"line":44,"column":30}},"line":44},"9":{"name":"(anonymous_9)","decl":{"start":{"line":45,"column":19},"end":{"line":45,"column":20}},"loc":{"start":{"line":48,"column":7},"end":{"line":54,"column":3}},"line":48},"10":{"name":"(anonymous_10)","decl":{"start":{"line":55,"column":27},"end":{"line":55,"column":28}},"loc":{"start":{"line":58,"column":7},"end":{"line":60,"column":3}},"line":58},"11":{"name":"(anonymous_11)","decl":{"start":{"line":61,"column":29},"end":{"line":61,"column":30}},"loc":{"start":{"line":61,"column":40},"end":{"line":63,"column":3}},"line":61}},"branchMap":{"0":{"loc":{"start":{"line":31,"column":21},"end":{"line":33,"column":23}},"type":"cond-expr","locations":[{"start":{"line":32,"column":7},"end":{"line":32,"column":42}},{"start":{"line":33,"column":7},"end":{"line":33,"column":23}}],"line":31}},"s":{"0":2,"1":2,"2":1,"3":1,"4":1,"5":1,"6":1,"7":0,"8":1,"9":2,"10":1,"11":1,"12":1,"13":1,"14":1,"15":1,"16":1,"17":1,"18":2,"19":2},"f":{"0":1,"1":1,"2":1,"3":1,"4":1,"5":0,"6":1,"7":2,"8":1,"9":1,"10":1,"11":1},"b":{"0":[1,0]},"_coverageSchema":"1a1c01bbd47fc00a2c39e90264f33305004495a9","hash":"b69e5a2822a7ab0ce62b1f4a221ce6161004ac7e"}
,"/Users/davidpantsoulaya/yandex_react/stellar_burgers/src/services/feed/actions.ts": {"path":"/Users/davidpantsoulaya/yandex_react/stellar_burgers/src/services/feed/actions.ts","statementMap":{"0":{"start":{"line":4,"column":23},"end":{"line":4,"column":75}},"1":{"start":{"line":5,"column":26},"end":{"line":5,"column":57}},"2":{"start":{"line":6,"column":25},"end":{"line":8,"column":1}},"3":{"start":{"line":9,"column":23},"end":{"line":9,"column":75}}},"fnMap":{},"branchMap":{},"s":{"0":1,"1":1,"2":1,"3":1},"f":{},"b":{},"_coverageSchema":"1a1c01bbd47fc00a2c39e90264f33305004495a9","hash":"64955c48383d693cb65c0f5373b690c48ed75393"}
,"/Users/davidpantsoulaya/yandex_react/stellar_burgers/src/services/feed/slice.ts": {"path":"/Users/davidpantsoulaya/yandex_react/stellar_burgers/src/services/feed/slice.ts","statementMap":{"0":{"start":{"line":10,"column":35},"end":{"line":13,"column":1}},"1":{"start":{"line":15,"column":25},"end":{"line":32,"column":2}},"2":{"start":{"line":20,"column":29},"end":{"line":20,"column":39}},"3":{"start":{"line":21,"column":30},"end":{"line":21,"column":41}},"4":{"start":{"line":24,"column":2},"end":{"line":30,"column":6}},"5":{"start":{"line":26,"column":4},"end":{"line":26,"column":32}},"6":{"start":{"line":29,"column":4},"end":{"line":29,"column":33}},"7":{"start":{"line":34,"column":37},"end":{"line":34,"column":56}}},"fnMap":{"0":{"name":"(anonymous_0)","decl":{"start":{"line":20,"column":11},"end":{"line":20,"column":12}},"loc":{"start":{"line":20,"column":29},"end":{"line":20,"column":39}},"line":20},"1":{"name":"(anonymous_1)","decl":{"start":{"line":21,"column":12},"end":{"line":21,"column":13}},"loc":{"start":{"line":21,"column":30},"end":{"line":21,"column":41}},"line":21},"2":{"name":"(anonymous_2)","decl":{"start":{"line":23,"column":16},"end":{"line":23,"column":17}},"loc":{"start":{"line":23,"column":29},"end":{"line":31,"column":2}},"line":23},"3":{"name":"(anonymous_3)","decl":{"start":{"line":25,"column":23},"end":{"line":25,"column":24}},"loc":{"start":{"line":25,"column":42},"end":{"line":27,"column":4}},"line":25},"4":{"name":"(anonymous_4)","decl":{"start":{"line":28,"column":21},"end":{"line":28,"column":22}},"loc":{"start":{"line":28,"column":40},"end":{"line":30,"column":4}},"line":28}},"branchMap":{},"s":{"0":1,"1":1,"2":1,"3":1,"4":1,"5":1,"6":1,"7":1},"f":{"0":1,"1":1,"2":1,"3":1,"4":1},"b":{},"_coverageSchema":"1a1c01bbd47fc00a2c39e90264f33305004495a9","hash":"ecf1243a9294ef7955eb762eb94c1118f8733b8d"}
,"/Users/davidpantsoulaya/yandex_react/stellar_burgers/src/services/ingredients/actions.ts": {"path":"/Users/davidpantsoulaya/yandex_react/stellar_burgers/src/services/ingredients/actions.ts","statementMap":{"0":{"start":{"line":4,"column":31},"end":{"line":7,"column":1}}},"fnMap":{},"branchMap":{},"s":{"0":1},"f":{},"b":{},"_coverageSchema":"1a1c01bbd47fc00a2c39e90264f33305004495a9","hash":"6aa4cb380aec18815141db9954e99dae899ff1eb"}
,"/Users/davidpantsoulaya/yandex_react/stellar_burgers/src/services/ingredients/slice.ts": {"path":"/Users/davidpantsoulaya/yandex_react/stellar_burgers/src/services/ingredients/slice.ts","statementMap":{"0":{"start":{"line":11,"column":47},"end":{"line":15,"column":1}},"1":{"start":{"line":17,"column":32},"end":{"line":47,"column":2}},"2":{"start":{"line":21,"column":32},"end":{"line":21,"column":49}},"3":{"start":{"line":22,"column":36},"end":{"line":22,"column":49}},"4":{"start":{"line":23,"column":34},"end":{"line":23,"column":45}},"5":{"start":{"line":27,"column":2},"end":{"line":45,"column":6}},"6":{"start":{"line":29,"column":4},"end":{"line":29,"column":25}},"7":{"start":{"line":30,"column":4},"end":{"line":30,"column":24}},"8":{"start":{"line":35,"column":5},"end":{"line":35,"column":27}},"9":{"start":{"line":36,"column":5},"end":{"line":38,"column":11}},"10":{"start":{"line":42,"column":4},"end":{"line":42,"column":26}},"11":{"start":{"line":43,"column":4},"end":{"line":43,"column":23}},"12":{"start":{"line":44,"column":4},"end":{"line":44,"column":27}},"13":{"start":{"line":50,"column":1},"end":{"line":50,"column":27}}},"fnMap":{"0":{"name":"(anonymous_0)","decl":{"start":{"line":21,"column":21},"end":{"line":21,"column":22}},"loc":{"start":{"line":21,"column":32},"end":{"line":21,"column":49}},"line":21},"1":{"name":"(anonymous_1)","decl":{"start":{"line":22,"column":25},"end":{"line":22,"column":26}},"loc":{"start":{"line":22,"column":36},"end":{"line":22,"column":49}},"line":22},"2":{"name":"(anonymous_2)","decl":{"start":{"line":23,"column":23},"end":{"line":23,"column":24}},"loc":{"start":{"line":23,"column":34},"end":{"line":23,"column":45}},"line":23},"3":{"name":"(anonymous_3)","decl":{"start":{"line":26,"column":16},"end":{"line":26,"column":17}},"loc":{"start":{"line":26,"column":29},"end":{"line":46,"column":2}},"line":26},"4":{"name":"(anonymous_4)","decl":{"start":{"line":28,"column":37},"end":{"line":28,"column":38}},"loc":{"start":{"line":28,"column":48},"end":{"line":31,"column":4}},"line":28},"5":{"name":"(anonymous_5)","decl":{"start":{"line":34,"column":4},"end":{"line":34,"column":5}},"loc":{"start":{"line":34,"column":52},"end":{"line":39,"column":5}},"line":34},"6":{"name":"(anonymous_6)","decl":{"start":{"line":41,"column":38},"end":{"line":41,"column":39}},"loc":{"start":{"line":41,"column":49},"end":{"line":45,"column":4}},"line":41}},"branchMap":{"0":{"loc":{"start":{"line":36,"column":25},"end":{"line":38,"column":10}},"type":"cond-expr","locations":[{"start":{"line":37,"column":8},"end":{"line":37,"column":22}},{"start":{"line":38,"column":8},"end":{"line":38,"column":10}}],"line":36}},"s":{"0":1,"1":1,"2":1,"3":1,"4":1,"5":1,"6":1,"7":1,"8":1,"9":1,"10":1,"11":1,"12":1,"13":1},"f":{"0":1,"1":1,"2":1,"3":1,"4":1,"5":1,"6":1},"b":{"0":[1,0]},"_coverageSchema":"1a1c01bbd47fc00a2c39e90264f33305004495a9","hash":"cc7e2a3d42e163c7bb731b104a24fc8b15ff849a"}
,"/Users/davidpantsoulaya/yandex_react/stellar_burgers/src/services/order/actions.ts": {"path":"/Users/davidpantsoulaya/yandex_react/stellar_burgers/src/services/order/actions.ts","statementMap":{"0":{"start":{"line":5,"column":24},"end":{"line":10,"column":1}},"1":{"start":{"line":8,"column":2},"end":{"line":8,"column":35}},"2":{"start":{"line":12,"column":25},"end":{"line":20,"column":1}},"3":{"start":{"line":15,"column":2},"end":{"line":18,"column":5}},"4":{"start":{"line":16,"column":3},"end":{"line":16,"column":33}},"5":{"start":{"line":17,"column":3},"end":{"line":17,"column":14}}},"fnMap":{"0":{"name":"(anonymous_0)","decl":{"start":{"line":7,"column":1},"end":{"line":7,"column":2}},"loc":{"start":{"line":7,"column":27},"end":{"line":9,"column":2}},"line":7},"1":{"name":"(anonymous_1)","decl":{"start":{"line":14,"column":1},"end":{"line":14,"column":2}},"loc":{"start":{"line":14,"column":44},"end":{"line":19,"column":2}},"line":14},"2":{"name":"(anonymous_2)","decl":{"start":{"line":15,"column":37},"end":{"line":15,"column":38}},"loc":{"start":{"line":15,"column":46},"end":{"line":18,"column":3}},"line":15}},"branchMap":{},"s":{"0":1,"1":0,"2":1,"3":0,"4":0,"5":0},"f":{"0":0,"1":0,"2":0},"b":{},"_coverageSchema":"1a1c01bbd47fc00a2c39e90264f33305004495a9","hash":"a00403a5a6d5819079f6e3590c09572d9e1cf5b5"}
,"/Users/davidpantsoulaya/yandex_react/stellar_burgers/src/services/order/slice.ts": {"path":"/Users/davidpantsoulaya/yandex_react/stellar_burgers/src/services/order/slice.ts","statementMap":{"0":{"start":{"line":12,"column":48},"end":{"line":17,"column":1}},"1":{"start":{"line":19,"column":26},"end":{"line":61,"column":2}},"2":{"start":{"line":23,"column":30},"end":{"line":23,"column":48}},"3":{"start":{"line":24,"column":30},"end":{"line":24,"column":48}},"4":{"start":{"line":25,"column":30},"end":{"line":25,"column":43}},"5":{"start":{"line":26,"column":28},"end":{"line":26,"column":39}},"6":{"start":{"line":30,"column":2},"end":{"line":59,"column":6}},"7":{"start":{"line":32,"column":4},"end":{"line":32,"column":25}},"8":{"start":{"line":33,"column":4},"end":{"line":33,"column":24}},"9":{"start":{"line":38,"column":5},"end":{"line":38,"column":27}},"10":{"start":{"line":39,"column":5},"end":{"line":39,"column":41}},"11":{"start":{"line":43,"column":4},"end":{"line":43,"column":26}},"12":{"start":{"line":44,"column":4},"end":{"line":44,"column":23}},"13":{"start":{"line":45,"column":4},"end":{"line":45,"column":30}},"14":{"start":{"line":48,"column":4},"end":{"line":48,"column":25}},"15":{"start":{"line":49,"column":4},"end":{"line":49,"column":24}},"16":{"start":{"line":52,"column":4},"end":{"line":52,"column":26}},"17":{"start":{"line":53,"column":4},"end":{"line":53,"column":40}},"18":{"start":{"line":56,"column":4},"end":{"line":56,"column":26}},"19":{"start":{"line":57,"column":4},"end":{"line":57,"column":23}},"20":{"start":{"line":58,"column":4},"end":{"line":58,"column":30}},"21":{"start":{"line":68,"column":4},"end":{"line":68,"column":24}}},"fnMap":{"0":{"name":"(anonymous_0)","decl":{"start":{"line":23,"column":19},"end":{"line":23,"column":20}},"loc":{"start":{"line":23,"column":30},"end":{"line":23,"column":48}},"line":23},"1":{"name":"(anonymous_1)","decl":{"start":{"line":24,"column":19},"end":{"line":24,"column":20}},"loc":{"start":{"line":24,"column":30},"end":{"line":24,"column":48}},"line":24},"2":{"name":"(anonymous_2)","decl":{"start":{"line":25,"column":19},"end":{"line":25,"column":20}},"loc":{"start":{"line":25,"column":30},"end":{"line":25,"column":43}},"line":25},"3":{"name":"(anonymous_3)","decl":{"start":{"line":26,"column":17},"end":{"line":26,"column":18}},"loc":{"start":{"line":26,"column":28},"end":{"line":26,"column":39}},"line":26},"4":{"name":"(anonymous_4)","decl":{"start":{"line":29,"column":16},"end":{"line":29,"column":17}},"loc":{"start":{"line":29,"column":29},"end":{"line":60,"column":2}},"line":29},"5":{"name":"(anonymous_5)","decl":{"start":{"line":31,"column":31},"end":{"line":31,"column":32}},"loc":{"start":{"line":31,"column":42},"end":{"line":34,"column":4}},"line":31},"6":{"name":"(anonymous_6)","decl":{"start":{"line":37,"column":4},"end":{"line":37,"column":5}},"loc":{"start":{"line":37,"column":52},"end":{"line":40,"column":5}},"line":37},"7":{"name":"(anonymous_7)","decl":{"start":{"line":42,"column":32},"end":{"line":42,"column":33}},"loc":{"start":{"line":42,"column":43},"end":{"line":46,"column":4}},"line":42},"8":{"name":"(anonymous_8)","decl":{"start":{"line":47,"column":30},"end":{"line":47,"column":31}},"loc":{"start":{"line":47,"column":41},"end":{"line":50,"column":4}},"line":47},"9":{"name":"(anonymous_9)","decl":{"start":{"line":51,"column":32},"end":{"line":51,"column":33}},"loc":{"start":{"line":51,"column":73},"end":{"line":54,"column":4}},"line":51},"10":{"name":"(anonymous_10)","decl":{"start":{"line":55,"column":31},"end":{"line":55,"column":32}},"loc":{"start":{"line":55,"column":42},"end":{"line":59,"column":4}},"line":55}},"branchMap":{},"s":{"0":1,"1":1,"2":1,"3":1,"4":1,"5":1,"6":1,"7":1,"8":1,"9":1,"10":1,"11":1,"12":1,"13":1,"14":1,"15":1,"16":1,"17":1,"18":1,"19":1,"20":1,"21":1},"f":{"0":1,"1":1,"2":1,"3":1,"4":1,"5":1,"6":1,"7":1,"8":1,"9":1,"10":1},"b":{},"_coverageSchema":"1a1c01bbd47fc00a2c39e90264f33305004495a9","hash":"f5560ea44b3e96f1a59505903ee629474fd55db3"}
,"/Users/davidpantsoulaya/yandex_react/stellar_burgers/src/services/profile-feed/actions.ts": {"path":"/Users/davidpantsoulaya/yandex_react/stellar_burgers/src/services/profile-feed/actions.ts","statementMap":{"0":{"start":{"line":4,"column":23},"end":{"line":6,"column":1}},"1":{"start":{"line":7,"column":26},"end":{"line":7,"column":65}},"2":{"start":{"line":8,"column":25},"end":{"line":10,"column":1}},"3":{"start":{"line":11,"column":23},"end":{"line":13,"column":1}}},"fnMap":{},"branchMap":{},"s":{"0":1,"1":1,"2":1,"3":1},"f":{},"b":{},"_coverageSchema":"1a1c01bbd47fc00a2c39e90264f33305004495a9","hash":"4378ddb23f0b3b86d5d97bd1cc17b580ca6fbde0"}
,"/Users/davidpantsoulaya/yandex_react/stellar_burgers/src/services/profile-feed/slice.ts": {"path":"/Users/davidpantsoulaya/yandex_react/stellar_burgers/src/services/profile-feed/slice.ts","statementMap":{"0":{"start":{"line":10,"column":42},"end":{"line":13,"column":1}},"1":{"start":{"line":15,"column":32},"end":{"line":32,"column":2}},"2":{"start":{"line":20,"column":43},"end":{"line":20,"column":60}},"3":{"start":{"line":21,"column":37},"end":{"line":21,"column":48}},"4":{"start":{"line":24,"column":2},"end":{"line":30,"column":6}},"5":{"start":{"line":26,"column":4},"end":{"line":26,"column":39}},"6":{"start":{"line":29,"column":4},"end":{"line":29,"column":33}},"7":{"start":{"line":34,"column":44},"end":{"line":34,"column":70}}},"fnMap":{"0":{"name":"(anonymous_0)","decl":{"start":{"line":20,"column":18},"end":{"line":20,"column":19}},"loc":{"start":{"line":20,"column":43},"end":{"line":20,"column":60}},"line":20},"1":{"name":"(anonymous_1)","decl":{"start":{"line":21,"column":12},"end":{"line":21,"column":13}},"loc":{"start":{"line":21,"column":37},"end":{"line":21,"column":48}},"line":21},"2":{"name":"(anonymous_2)","decl":{"start":{"line":23,"column":16},"end":{"line":23,"column":17}},"loc":{"start":{"line":23,"column":29},"end":{"line":31,"column":2}},"line":23},"3":{"name":"(anonymous_3)","decl":{"start":{"line":25,"column":23},"end":{"line":25,"column":24}},"loc":{"start":{"line":25,"column":42},"end":{"line":27,"column":4}},"line":25},"4":{"name":"(anonymous_4)","decl":{"start":{"line":28,"column":21},"end":{"line":28,"column":22}},"loc":{"start":{"line":28,"column":40},"end":{"line":30,"column":4}},"line":28}},"branchMap":{},"s":{"0":1,"1":1,"2":1,"3":1,"4":1,"5":1,"6":1,"7":1},"f":{"0":1,"1":1,"2":1,"3":1,"4":1},"b":{},"_coverageSchema":"1a1c01bbd47fc00a2c39e90264f33305004495a9","hash":"e899603eaab51c9757aebc4fc33cabf047fa600d"}
,"/Users/davidpantsoulaya/yandex_react/stellar_burgers/src/services/user/action.ts": {"path":"/Users/davidpantsoulaya/yandex_react/stellar_burgers/src/services/user/action.ts","statementMap":{"0":{"start":{"line":14,"column":24},"end":{"line":20,"column":1}},"1":{"start":{"line":17,"column":14},"end":{"line":17,"column":54}},"2":{"start":{"line":18,"column":2},"end":{"line":18,"column":18}},"3":{"start":{"line":23,"column":21},"end":{"line":29,"column":1}},"4":{"start":{"line":26,"column":14},"end":{"line":26,"column":45}},"5":{"start":{"line":27,"column":2},"end":{"line":27,"column":18}},"6":{"start":{"line":32,"column":22},"end":{"line":34,"column":2}},"7":{"start":{"line":33,"column":1},"end":{"line":33,"column":19}},"8":{"start":{"line":37,"column":25},"end":{"line":43,"column":1}},"9":{"start":{"line":40,"column":14},"end":{"line":40,"column":55}},"10":{"start":{"line":41,"column":2},"end":{"line":41,"column":18}},"11":{"start":{"line":46,"column":29},"end":{"line":57,"column":1}},"12":{"start":{"line":49,"column":2},"end":{"line":55,"column":3}},"13":{"start":{"line":50,"column":3},"end":{"line":52,"column":53}},"14":{"start":{"line":51,"column":19},"end":{"line":51,"column":41}},"15":{"start":{"line":52,"column":19},"end":{"line":52,"column":51}},"16":{"start":{"line":54,"column":3},"end":{"line":54,"column":36}}},"fnMap":{"0":{"name":"(anonymous_0)","decl":{"start":{"line":16,"column":1},"end":{"line":16,"column":2}},"loc":{"start":{"line":16,"column":56},"end":{"line":19,"column":2}},"line":16},"1":{"name":"(anonymous_1)","decl":{"start":{"line":25,"column":1},"end":{"line":25,"column":2}},"loc":{"start":{"line":25,"column":43},"end":{"line":28,"column":2}},"line":25},"2":{"name":"(anonymous_2)","decl":{"start":{"line":32,"column":54},"end":{"line":32,"column":55}},"loc":{"start":{"line":32,"column":66},"end":{"line":34,"column":1}},"line":32},"3":{"name":"(anonymous_3)","decl":{"start":{"line":39,"column":1},"end":{"line":39,"column":2}},"loc":{"start":{"line":39,"column":56},"end":{"line":42,"column":2}},"line":39},"4":{"name":"(anonymous_4)","decl":{"start":{"line":48,"column":1},"end":{"line":48,"column":2}},"loc":{"start":{"line":48,"column":28},"end":{"line":56,"column":2}},"line":48},"5":{"name":"(anonymous_5)","decl":{"start":{"line":51,"column":10},"end":{"line":51,"column":11}},"loc":{"start":{"line":51,"column":19},"end":{"line":51,"column":41}},"line":51},"6":{"name":"(anonymous_6)","decl":{"start":{"line":52,"column":13},"end":{"line":52,"column":14}},"loc":{"start":{"line":52,"column":19},"end":{"line":52,"column":51}},"line":52}},"branchMap":{"0":{"loc":{"start":{"line":49,"column":2},"end":{"line":55,"column":3}},"type":"if","locations":[{"start":{"line":49,"column":2},"end":{"line":55,"column":3}},{"start":{"line":53,"column":9},"end":{"line":55,"column":3}}],"line":49}},"s":{"0":1,"1":0,"2":0,"3":1,"4":0,"5":0,"6":1,"7":0,"8":1,"9":0,"10":0,"11":1,"12":0,"13":0,"14":0,"15":0,"16":0},"f":{"0":0,"1":0,"2":0,"3":0,"4":0,"5":0,"6":0},"b":{"0":[0,0]},"_coverageSchema":"1a1c01bbd47fc00a2c39e90264f33305004495a9","hash":"f21f9dcb59ff0bda9dc188919ef45e92186feaa2"}
,"/Users/davidpantsoulaya/yandex_react/stellar_burgers/src/services/user/slice.ts": {"path":"/Users/davidpantsoulaya/yandex_react/stellar_burgers/src/services/user/slice.ts","statementMap":{"0":{"start":{"line":13,"column":40},"end":{"line":19,"column":1}},"1":{"start":{"line":22,"column":1},"end":{"line":22,"column":41}},"2":{"start":{"line":26,"column":1},"end":{"line":26,"column":40}},"3":{"start":{"line":29,"column":25},"end":{"line":78,"column":2}},"4":{"start":{"line":33,"column":22},"end":{"line":33,"column":32}},"5":{"start":{"line":34,"column":31},"end":{"line":34,"column":50}},"6":{"start":{"line":35,"column":25},"end":{"line":35,"column":38}},"7":{"start":{"line":36,"column":23},"end":{"line":36,"column":34}},"8":{"start":{"line":37,"column":30},"end":{"line":37,"column":48}},"9":{"start":{"line":41,"column":3},"end":{"line":41,"column":31}},"10":{"start":{"line":44,"column":3},"end":{"line":44,"column":40}},"11":{"start":{"line":48,"column":2},"end":{"line":76,"column":5}},"12":{"start":{"line":50,"column":4},"end":{"line":50,"column":32}},"13":{"start":{"line":53,"column":4},"end":{"line":53,"column":26}},"14":{"start":{"line":54,"column":4},"end":{"line":54,"column":31}},"15":{"start":{"line":55,"column":4},"end":{"line":55,"column":32}},"16":{"start":{"line":58,"column":4},"end":{"line":58,"column":26}},"17":{"start":{"line":59,"column":4},"end":{"line":59,"column":22}},"18":{"start":{"line":62,"column":4},"end":{"line":62,"column":26}},"19":{"start":{"line":63,"column":4},"end":{"line":63,"column":32}},"20":{"start":{"line":66,"column":4},"end":{"line":66,"column":25}},"21":{"start":{"line":67,"column":4},"end":{"line":67,"column":24}},"22":{"start":{"line":72,"column":5},"end":{"line":72,"column":27}},"23":{"start":{"line":73,"column":5},"end":{"line":73,"column":24}},"24":{"start":{"line":74,"column":5},"end":{"line":74,"column":60}},"25":{"start":{"line":80,"column":45},"end":{"line":80,"column":62}},"26":{"start":{"line":88,"column":4},"end":{"line":88,"column":23}}},"fnMap":{"0":{"name":"isRejectedAction","decl":{"start":{"line":21,"column":9},"end":{"line":21,"column":25}},"loc":{"start":{"line":21,"column":49},"end":{"line":23,"column":1}},"line":21},"1":{"name":"isPendingAction","decl":{"start":{"line":25,"column":9},"end":{"line":25,"column":24}},"loc":{"start":{"line":25,"column":48},"end":{"line":27,"column":1}},"line":25},"2":{"name":"(anonymous_2)","decl":{"start":{"line":33,"column":11},"end":{"line":33,"column":12}},"loc":{"start":{"line":33,"column":22},"end":{"line":33,"column":32}},"line":33},"3":{"name":"(anonymous_3)","decl":{"start":{"line":34,"column":20},"end":{"line":34,"column":21}},"loc":{"start":{"line":34,"column":31},"end":{"line":34,"column":50}},"line":34},"4":{"name":"(anonymous_4)","decl":{"start":{"line":35,"column":14},"end":{"line":35,"column":15}},"loc":{"start":{"line":35,"column":25},"end":{"line":35,"column":38}},"line":35},"5":{"name":"(anonymous_5)","decl":{"start":{"line":36,"column":12},"end":{"line":36,"column":13}},"loc":{"start":{"line":36,"column":23},"end":{"line":36,"column":34}},"line":36},"6":{"name":"(anonymous_6)","decl":{"start":{"line":37,"column":19},"end":{"line":37,"column":20}},"loc":{"start":{"line":37,"column":30},"end":{"line":37,"column":48}},"line":37},"7":{"name":"(anonymous_7)","decl":{"start":{"line":40,"column":11},"end":{"line":40,"column":12}},"loc":{"start":{"line":40,"column":55},"end":{"line":42,"column":3}},"line":40},"8":{"name":"(anonymous_8)","decl":{"start":{"line":43,"column":20},"end":{"line":43,"column":21}},"loc":{"start":{"line":43,"column":63},"end":{"line":45,"column":3}},"line":43},"9":{"name":"(anonymous_9)","decl":{"start":{"line":47,"column":16},"end":{"line":47,"column":17}},"loc":{"start":{"line":47,"column":29},"end":{"line":77,"column":2}},"line":47},"10":{"name":"(anonymous_10)","decl":{"start":{"line":49,"column":32},"end":{"line":49,"column":33}},"loc":{"start":{"line":49,"column":51},"end":{"line":51,"column":4}},"line":49},"11":{"name":"(anonymous_11)","decl":{"start":{"line":52,"column":29},"end":{"line":52,"column":30}},"loc":{"start":{"line":52,"column":48},"end":{"line":56,"column":4}},"line":52},"12":{"name":"(anonymous_12)","decl":{"start":{"line":57,"column":30},"end":{"line":57,"column":31}},"loc":{"start":{"line":57,"column":41},"end":{"line":60,"column":4}},"line":57},"13":{"name":"(anonymous_13)","decl":{"start":{"line":61,"column":33},"end":{"line":61,"column":34}},"loc":{"start":{"line":61,"column":52},"end":{"line":64,"column":4}},"line":61},"14":{"name":"(anonymous_14)","decl":{"start":{"line":65,"column":32},"end":{"line":65,"column":33}},"loc":{"start":{"line":65,"column":43},"end":{"line":68,"column":4}},"line":65},"15":{"name":"(anonymous_15)","decl":{"start":{"line":71,"column":4},"end":{"line":71,"column":5}},"loc":{"start":{"line":71,"column":56},"end":{"line":75,"column":5}},"line":71}},"branchMap":{"0":{"loc":{"start":{"line":74,"column":26},"end":{"line":74,"column":59}},"type":"binary-expr","locations":[{"start":{"line":74,"column":26},"end":{"line":74,"column":47}},{"start":{"line":74,"column":51},"end":{"line":74,"column":59}}],"line":74}},"s":{"0":1,"1":9,"2":9,"3":1,"4":1,"5":1,"6":1,"7":1,"8":1,"9":1,"10":1,"11":1,"12":1,"13":1,"14":1,"15":1,"16":1,"17":1,"18":1,"19":1,"20":1,"21":1,"22":1,"23":1,"24":1,"25":1,"26":1},"f":{"0":9,"1":9,"2":1,"3":1,"4":1,"5":1,"6":1,"7":1,"8":1,"9":1,"10":1,"11":1,"12":1,"13":1,"14":1,"15":1},"b":{"0":[1,0]},"_coverageSchema":"1a1c01bbd47fc00a2c39e90264f33305004495a9","hash":"b4ae3592ee5d7f410c3d2e5a969f5ae767946d01"}
,"/Users/davidpantsoulaya/yandex_react/stellar_burgers/src/utils/api.ts": {"path":"/Users/davidpantsoulaya/yandex_react/stellar_burgers/src/utils/api.ts","statementMap":{"0":{"start":{"line":18,"column":42},"end":{"line":18,"column":55}},"1":{"start":{"line":19,"column":43},"end":{"line":19,"column":57}},"2":{"start":{"line":21,"column":26},"end":{"line":21,"column":39}},"3":{"start":{"line":24,"column":30},"end":{"line":27,"column":1}},"4":{"start":{"line":25,"column":21},"end":{"line":25,"column":69}},"5":{"start":{"line":26,"column":1},"end":{"line":26,"column":51}},"6":{"start":{"line":30,"column":28},"end":{"line":41,"column":1}},"7":{"start":{"line":31,"column":15},"end":{"line":31,"column":64}},"8":{"start":{"line":32,"column":1},"end":{"line":32,"column":79}},"9":{"start":{"line":32,"column":13},"end":{"line":32,"column":79}},"10":{"start":{"line":34,"column":1},"end":{"line":40,"column":4}},"11":{"start":{"line":37,"column":2},"end":{"line":37,"column":69}},"12":{"start":{"line":38,"column":2},"end":{"line":38,"column":71}},"13":{"start":{"line":39,"column":2},"end":{"line":39,"column":14}},"14":{"start":{"line":44,"column":29},"end":{"line":55,"column":1}},"15":{"start":{"line":48,"column":1},"end":{"line":54,"column":2}},"16":{"start":{"line":49,"column":22},"end":{"line":49,"column":42}},"17":{"start":{"line":50,"column":22},"end":{"line":50,"column":45}},"18":{"start":{"line":51,"column":2},"end":{"line":51,"column":31}},"19":{"start":{"line":53,"column":2},"end":{"line":53,"column":29}},"20":{"start":{"line":58,"column":29},"end":{"line":70,"column":1}},"21":{"start":{"line":62,"column":21},"end":{"line":62,"column":75}},"22":{"start":{"line":63,"column":1},"end":{"line":69,"column":2}},"23":{"start":{"line":64,"column":2},"end":{"line":64,"column":65}},"24":{"start":{"line":66,"column":2},"end":{"line":68,"column":4}},"25":{"start":{"line":67,"column":3},"end":{"line":67,"column":61}},"26":{"start":{"line":73,"column":27},"end":{"line":86,"column":1}},"27":{"start":{"line":77,"column":21},"end":{"line":77,"column":75}},"28":{"start":{"line":79,"column":1},"end":{"line":85,"column":2}},"29":{"start":{"line":80,"column":2},"end":{"line":80,"column":49}},"30":{"start":{"line":82,"column":2},"end":{"line":84,"column":4}},"31":{"start":{"line":83,"column":3},"end":{"line":83,"column":45}},"32":{"start":{"line":89,"column":28},"end":{"line":101,"column":1}},"33":{"start":{"line":93,"column":21},"end":{"line":93,"column":75}},"34":{"start":{"line":94,"column":1},"end":{"line":100,"column":2}},"35":{"start":{"line":95,"column":2},"end":{"line":95,"column":43}},"36":{"start":{"line":97,"column":2},"end":{"line":99,"column":4}},"37":{"start":{"line":98,"column":3},"end":{"line":98,"column":39}},"38":{"start":{"line":104,"column":24},"end":{"line":117,"column":3}},"39":{"start":{"line":109,"column":1},"end":{"line":117,"column":3}},"40":{"start":{"line":114,"column":2},"end":{"line":114,"column":69}},"41":{"start":{"line":115,"column":2},"end":{"line":115,"column":71}},"42":{"start":{"line":116,"column":2},"end":{"line":116,"column":14}},"43":{"start":{"line":120,"column":21},"end":{"line":128,"column":3}},"44":{"start":{"line":121,"column":1},"end":{"line":128,"column":3}},"45":{"start":{"line":125,"column":2},"end":{"line":125,"column":69}},"46":{"start":{"line":126,"column":2},"end":{"line":126,"column":71}},"47":{"start":{"line":127,"column":2},"end":{"line":127,"column":14}},"48":{"start":{"line":131,"column":22},"end":{"line":142,"column":1}},"49":{"start":{"line":132,"column":22},"end":{"line":132,"column":71}},"50":{"start":{"line":133,"column":1},"end":{"line":141,"column":2}},"51":{"start":{"line":134,"column":2},"end":{"line":140,"column":5}},"52":{"start":{"line":137,"column":3},"end":{"line":137,"column":55}},"53":{"start":{"line":138,"column":3},"end":{"line":138,"column":56}},"54":{"start":{"line":139,"column":3},"end":{"line":139,"column":15}},"55":{"start":{"line":145,"column":23},"end":{"line":154,"column":1}},"56":{"start":{"line":146,"column":1},"end":{"line":153,"column":2}},"57":{"start":{"line":147,"column":15},"end":{"line":147,"column":59}},"58":{"start":{"line":148,"column":2},"end":{"line":148,"column":19}},"59":{"start":{"line":150,"column":2},"end":{"line":150,"column":54}},"60":{"start":{"line":151,"column":2},"end":{"line":151,"column":55}},"61":{"start":{"line":152,"column":2},"end":{"line":152,"column":12}},"62":{"start":{"line":157,"column":25},"end":{"line":166,"column":3}},"63":{"start":{"line":162,"column":1},"end":{"line":166,"column":3}},"64":{"start":{"line":169,"column":33},"end":{"line":172,"column":3}},"65":{"start":{"line":170,"column":1},"end":{"line":172,"column":3}},"66":{"start":{"line":175,"column":38},"end":{"line":182,"column":3}},"67":{"start":{"line":179,"column":1},"end":{"line":182,"column":3}},"68":{"start":{"line":185,"column":30},"end":{"line":186,"column":74}},"69":{"start":{"line":186,"column":1},"end":{"line":186,"column":74}},"70":{"start":{"line":186,"column":64},"end":{"line":186,"column":73}},"71":{"start":{"line":189,"column":25},"end":{"line":192,"column":3}},"72":{"start":{"line":190,"column":1},"end":{"line":192,"column":3}},"73":{"start":{"line":195,"column":24},"end":{"line":198,"column":2}},"74":{"start":{"line":196,"column":1},"end":{"line":198,"column":2}},"75":{"start":{"line":197,"column":12},"end":{"line":197,"column":26}}},"fnMap":{"0":{"name":"(anonymous_0)","decl":{"start":{"line":24,"column":30},"end":{"line":24,"column":31}},"loc":{"start":{"line":24,"column":45},"end":{"line":27,"column":1}},"line":24},"1":{"name":"(anonymous_1)","decl":{"start":{"line":30,"column":28},"end":{"line":30,"column":29}},"loc":{"start":{"line":30,"column":61},"end":{"line":41,"column":1}},"line":30},"2":{"name":"(anonymous_2)","decl":{"start":{"line":36,"column":9},"end":{"line":36,"column":10}},"loc":{"start":{"line":36,"column":19},"end":{"line":40,"column":2}},"line":36},"3":{"name":"(anonymous_3)","decl":{"start":{"line":44,"column":29},"end":{"line":44,"column":30}},"loc":{"start":{"line":47,"column":23},"end":{"line":55,"column":1}},"line":47},"4":{"name":"(anonymous_4)","decl":{"start":{"line":58,"column":29},"end":{"line":58,"column":30}},"loc":{"start":{"line":61,"column":23},"end":{"line":70,"column":1}},"line":61},"5":{"name":"(anonymous_5)","decl":{"start":{"line":66,"column":35},"end":{"line":66,"column":36}},"loc":{"start":{"line":67,"column":3},"end":{"line":67,"column":61}},"line":67},"6":{"name":"(anonymous_6)","decl":{"start":{"line":73,"column":27},"end":{"line":73,"column":28}},"loc":{"start":{"line":76,"column":23},"end":{"line":86,"column":1}},"line":76},"7":{"name":"(anonymous_7)","decl":{"start":{"line":82,"column":35},"end":{"line":82,"column":36}},"loc":{"start":{"line":83,"column":3},"end":{"line":83,"column":45}},"line":83},"8":{"name":"(anonymous_8)","decl":{"start":{"line":89,"column":28},"end":{"line":89,"column":29}},"loc":{"start":{"line":92,"column":23},"end":{"line":101,"column":1}},"line":92},"9":{"name":"(anonymous_9)","decl":{"start":{"line":97,"column":35},"end":{"line":97,"column":36}},"loc":{"start":{"line":98,"column":3},"end":{"line":98,"column":39}},"line":98},"10":{"name":"(anonymous_10)","decl":{"start":{"line":104,"column":24},"end":{"line":104,"column":25}},"loc":{"start":{"line":109,"column":1},"end":{"line":117,"column":3}},"line":109},"11":{"name":"(anonymous_11)","decl":{"start":{"line":113,"column":9},"end":{"line":113,"column":10}},"loc":{"start":{"line":113,"column":19},"end":{"line":117,"column":2}},"line":113},"12":{"name":"(anonymous_12)","decl":{"start":{"line":120,"column":21},"end":{"line":120,"column":22}},"loc":{"start":{"line":121,"column":1},"end":{"line":128,"column":3}},"line":121},"13":{"name":"(anonymous_13)","decl":{"start":{"line":124,"column":9},"end":{"line":124,"column":10}},"loc":{"start":{"line":124,"column":19},"end":{"line":128,"column":2}},"line":124},"14":{"name":"(anonymous_14)","decl":{"start":{"line":131,"column":22},"end":{"line":131,"column":23}},"loc":{"start":{"line":131,"column":28},"end":{"line":142,"column":1}},"line":131},"15":{"name":"(anonymous_15)","decl":{"start":{"line":136,"column":10},"end":{"line":136,"column":11}},"loc":{"start":{"line":136,"column":20},"end":{"line":140,"column":3}},"line":136},"16":{"name":"(anonymous_16)","decl":{"start":{"line":145,"column":23},"end":{"line":145,"column":24}},"loc":{"start":{"line":145,"column":54},"end":{"line":154,"column":1}},"line":145},"17":{"name":"(anonymous_17)","decl":{"start":{"line":157,"column":25},"end":{"line":157,"column":26}},"loc":{"start":{"line":162,"column":1},"end":{"line":166,"column":3}},"line":162},"18":{"name":"(anonymous_18)","decl":{"start":{"line":169,"column":33},"end":{"line":169,"column":34}},"loc":{"start":{"line":170,"column":1},"end":{"line":172,"column":3}},"line":170},"19":{"name":"(anonymous_19)","decl":{"start":{"line":175,"column":38},"end":{"line":175,"column":39}},"loc":{"start":{"line":179,"column":1},"end":{"line":182,"column":3}},"line":179},"20":{"name":"(anonymous_20)","decl":{"start":{"line":185,"column":30},"end":{"line":185,"column":31}},"loc":{"start":{"line":186,"column":1},"end":{"line":186,"column":74}},"line":186},"21":{"name":"(anonymous_21)","decl":{"start":{"line":186,"column":54},"end":{"line":186,"column":55}},"loc":{"start":{"line":186,"column":64},"end":{"line":186,"column":73}},"line":186},"22":{"name":"(anonymous_22)","decl":{"start":{"line":189,"column":25},"end":{"line":189,"column":26}},"loc":{"start":{"line":190,"column":1},"end":{"line":192,"column":3}},"line":190},"23":{"name":"(anonymous_23)","decl":{"start":{"line":195,"column":24},"end":{"line":195,"column":25}},"loc":{"start":{"line":196,"column":1},"end":{"line":198,"column":2}},"line":196},"24":{"name":"(anonymous_24)","decl":{"start":{"line":197,"column":2},"end":{"line":197,"column":3}},"loc":{"start":{"line":197,"column":12},"end":{"line":197,"column":26}},"line":197}},"branchMap":{"0":{"loc":{"start":{"line":26,"column":8},"end":{"line":26,"column":50}},"type":"binary-expr","locations":[{"start":{"line":26,"column":8},"end":{"line":26,"column":28}},{"start":{"line":26,"column":32},"end":{"line":26,"column":50}}],"line":26},"1":{"loc":{"start":{"line":32,"column":1},"end":{"line":32,"column":79}},"type":"if","locations":[{"start":{"line":32,"column":1},"end":{"line":32,"column":79}},{"start":{},"end":{}}],"line":32},"2":{"loc":{"start":{"line":48,"column":1},"end":{"line":54,"column":2}},"type":"if","locations":[{"start":{"line":48,"column":1},"end":{"line":54,"column":2}},{"start":{"line":52,"column":8},"end":{"line":54,"column":2}}],"line":48},"3":{"loc":{"start":{"line":48,"column":5},"end":{"line":48,"column":62}},"type":"binary-expr","locations":[{"start":{"line":48,"column":5},"end":{"line":48,"column":25}},{"start":{"line":48,"column":29},"end":{"line":48,"column":62}}],"line":48},"4":{"loc":{"start":{"line":62,"column":21},"end":{"line":62,"column":75}},"type":"binary-expr","locations":[{"start":{"line":62,"column":21},"end":{"line":62,"column":69}},{"start":{"line":62,"column":73},"end":{"line":62,"column":75}}],"line":62},"5":{"loc":{"start":{"line":77,"column":21},"end":{"line":77,"column":75}},"type":"binary-expr","locations":[{"start":{"line":77,"column":21},"end":{"line":77,"column":69}},{"start":{"line":77,"column":73},"end":{"line":77,"column":75}}],"line":77},"6":{"loc":{"start":{"line":93,"column":21},"end":{"line":93,"column":75}},"type":"binary-expr","locations":[{"start":{"line":93,"column":21},"end":{"line":93,"column":69}},{"start":{"line":93,"column":73},"end":{"line":93,"column":75}}],"line":93},"7":{"loc":{"start":{"line":133,"column":1},"end":{"line":141,"column":2}},"type":"if","locations":[{"start":{"line":133,"column":1},"end":{"line":141,"column":2}},{"start":{},"end":{}}],"line":133}},"s":{"0":3,"1":3,"2":3,"3":3,"4":0,"5":0,"6":3,"7":0,"8":0,"9":0,"10":0,"11":0,"12":0,"13":0,"14":3,"15":0,"16":0,"17":0,"18":0,"19":0,"20":3,"21":0,"22":0,"23":0,"24":0,"25":0,"26":3,"27":0,"28":0,"29":0,"30":0,"31":0,"32":3,"33":0,"34":0,"35":0,"36":0,"37":0,"38":3,"39":0,"40":0,"41":0,"42":0,"43":3,"44":0,"45":0,"46":0,"47":0,"48":3,"49":0,"50":0,"51":0,"52":0,"53":0,"54":0,"55":3,"56":0,"57":0,"58":0,"59":0,"60":0,"61":0,"62":3,"63":0,"64":3,"65":0,"66":3,"67":0,"68":3,"69":0,"70":0,"71":3,"72":0,"73":3,"74":0,"75":0},"f":{"0":0,"1":0,"2":0,"3":0,"4":0,"5":0,"6":0,"7":0,"8":0,"9":0,"10":0,"11":0,"12":0,"13":0,"14":0,"15":0,"16":0,"17":0,"18":0,"19":0,"20":0,"21":0,"22":0,"23":0,"24":0},"b":{"0":[0,0],"1":[0,0],"2":[0,0],"3":[0,0],"4":[0,0],"5":[0,0],"6":[0,0],"7":[0,0]},"_coverageSchema":"1a1c01bbd47fc00a2c39e90264f33305004495a9","hash":"324099d63f245e1d749714177d508eb5c72614f1"}
,"/Users/davidpantsoulaya/yandex_react/stellar_burgers/src/utils/request.ts": {"path":"/Users/davidpantsoulaya/yandex_react/stellar_burgers/src/utils/request.ts","statementMap":{"0":{"start":{"line":4,"column":24},"end":{"line":4,"column":64}},"1":{"start":{"line":8,"column":1},"end":{"line":8,"column":25}},"2":{"start":{"line":12,"column":22},"end":{"line":18,"column":1}},"3":{"start":{"line":13,"column":1},"end":{"line":15,"column":2}},"4":{"start":{"line":14,"column":2},"end":{"line":14,"column":20}},"5":{"start":{"line":17,"column":1},"end":{"line":17,"column":47}},"6":{"start":{"line":21,"column":21},"end":{"line":27,"column":1}},"7":{"start":{"line":22,"column":1},"end":{"line":24,"column":2}},"8":{"start":{"line":23,"column":2},"end":{"line":23,"column":13}},"9":{"start":{"line":26,"column":1},"end":{"line":26,"column":51}},"10":{"start":{"line":31,"column":23},"end":{"line":46,"column":1}},"11":{"start":{"line":36,"column":1},"end":{"line":36,"column":25}},"12":{"start":{"line":37,"column":1},"end":{"line":40,"column":3}},"13":{"start":{"line":43,"column":1},"end":{"line":45,"column":31}},"14":{"start":{"line":48,"column":21},"end":{"line":65,"column":1}},"15":{"start":{"line":53,"column":1},"end":{"line":64,"column":3}},"16":{"start":{"line":67,"column":27},"end":{"line":85,"column":1}},"17":{"start":{"line":72,"column":1},"end":{"line":84,"column":3}}},"fnMap":{"0":{"name":"hasSuccessField","decl":{"start":{"line":7,"column":9},"end":{"line":7,"column":24}},"loc":{"start":{"line":7,"column":55},"end":{"line":9,"column":1}},"line":7},"1":{"name":"(anonymous_1)","decl":{"start":{"line":12,"column":22},"end":{"line":12,"column":23}},"loc":{"start":{"line":12,"column":64},"end":{"line":18,"column":1}},"line":12},"2":{"name":"(anonymous_2)","decl":{"start":{"line":21,"column":21},"end":{"line":21,"column":22}},"loc":{"start":{"line":21,"column":69},"end":{"line":27,"column":1}},"line":21},"3":{"name":"(anonymous_3)","decl":{"start":{"line":31,"column":23},"end":{"line":31,"column":24}},"loc":{"start":{"line":35,"column":23},"end":{"line":46,"column":1}},"line":35},"4":{"name":"(anonymous_4)","decl":{"start":{"line":48,"column":21},"end":{"line":48,"column":22}},"loc":{"start":{"line":52,"column":23},"end":{"line":65,"column":1}},"line":52},"5":{"name":"(anonymous_5)","decl":{"start":{"line":67,"column":27},"end":{"line":67,"column":28}},"loc":{"start":{"line":71,"column":23},"end":{"line":85,"column":1}},"line":71}},"branchMap":{"0":{"loc":{"start":{"line":13,"column":1},"end":{"line":15,"column":2}},"type":"if","locations":[{"start":{"line":13,"column":1},"end":{"line":15,"column":2}},{"start":{},"end":{}}],"line":13},"1":{"loc":{"start":{"line":22,"column":1},"end":{"line":24,"column":2}},"type":"if","locations":[{"start":{"line":22,"column":1},"end":{"line":24,"column":2}},{"start":{},"end":{}}],"line":22},"2":{"loc":{"start":{"line":22,"column":5},"end":{"line":22,"column":47}},"type":"binary-expr","locations":[{"start":{"line":22,"column":5},"end":{"line":22,"column":8}},{"start":{"line":22,"column":12},"end":{"line":22,"column":32}},{"start":{"line":22,"column":36},"end":{"line":22,"column":47}}],"line":22},"3":{"loc":{"start":{"line":34,"column":1},"end":{"line":34,"column":24}},"type":"default-arg","locations":[{"start":{"line":34,"column":22},"end":{"line":34,"column":24}}],"line":34},"4":{"loc":{"start":{"line":36,"column":11},"end":{"line":36,"column":24}},"type":"binary-expr","locations":[{"start":{"line":36,"column":11},"end":{"line":36,"column":18}},{"start":{"line":36,"column":22},"end":{"line":36,"column":24}}],"line":36},"5":{"loc":{"start":{"line":51,"column":1},"end":{"line":51,"column":24}},"type":"default-arg","locations":[{"start":{"line":51,"column":22},"end":{"line":51,"column":24}}],"line":51},"6":{"loc":{"start":{"line":70,"column":1},"end":{"line":70,"column":24}},"type":"default-arg","locations":[{"start":{"line":70,"column":22},"end":{"line":70,"column":24}}],"line":70}},"s":{"0":3,"1":0,"2":3,"3":0,"4":0,"5":0,"6":3,"7":0,"8":0,"9":0,"10":3,"11":0,"12":0,"13":0,"14":3,"15":0,"16":3,"17":0},"f":{"0":0,"1":0,"2":0,"3":0,"4":0,"5":0},"b":{"0":[0,0],"1":[0,0],"2":[0,0,0],"3":[0],"4":[0,0],"5":[0],"6":[0]},"_coverageSchema":"1a1c01bbd47fc00a2c39e90264f33305004495a9","hash":"5b94ce55d56e5509e9ef3decda02c9cfe534541d"}
}
